<?xml version="1.0" encoding="utf-8"?><testsuites name="pytest tests"><testsuite name="pytest" errors="0" failures="0" skipped="0" tests="16" time="3.609" timestamp="2026-03-27T01:43:46.053131+00:00" hostname="agent-env-b81e6d54-faf5-4a39-af89-7b5b493c3237"><testcase classname="backend.tests.test_admin.TestAdminLogin" name="test_admin_login_success" time="0.244" /><testcase classname="backend.tests.test_admin.TestAdminLogin" name="test_admin_login_wrong_password" time="0.153" /><testcase classname="backend.tests.test_admin.TestAdminLogin" name="test_admin_login_empty_password" time="0.145" /><testcase classname="backend.tests.test_admin.TestAdminStats" name="test_get_stats_authenticated" time="0.317" /><testcase classname="backend.tests.test_admin.TestAdminStats" name="test_get_stats_unauthenticated" time="0.203" /><testcase classname="backend.tests.test_admin.TestAdminStats" name="test_get_stats_invalid_token" time="0.148" /><testcase classname="backend.tests.test_admin.TestAdminContacts" name="test_get_contacts_authenticated" time="0.241" /><testcase classname="backend.tests.test_admin.TestAdminContacts" name="test_get_contacts_unauthenticated" time="0.105" /><testcase classname="backend.tests.test_admin.TestAdminUpdateContactStatus" name="test_update_contact_status" time="0.559" /><testcase classname="backend.tests.test_admin.TestAdminUpdateContactStatus" name="test_update_contact_invalid_status" time="0.362" /><testcase classname="backend.tests.test_admin.TestAdminUpdateContactStatus" name="test_update_contact_not_found" time="0.276" /><testcase classname="backend.tests.test_admin.TestAdminUpdateContactStatus" name="test_update_contact_unauthenticated" time="0.118" /><testcase classname="backend.tests.test_admin.TestAdminLeads" name="test_get_leads_authenticated" time="0.232" /><testcase classname="backend.tests.test_admin.TestAdminLeads" name="test_get_leads_unauthenticated" time="0.114" /><testcase classname="backend.tests.test_admin.TestPublicEndpoints" name="test_health_endpoint" time="0.123" /><testcase classname="backend.tests.test_admin.TestPublicEndpoints" name="test_contact_form_submission" time="0.149" /></testsuite></testsuites>