<?xml version="1.0" encoding="utf-8"?><testsuites name="pytest tests"><testsuite name="pytest" errors="0" failures="0" skipped="0" tests="28" time="4.910" timestamp="2026-04-14T19:23:49.802792+00:00" hostname="agent-env-b81e6d54-faf5-4a39-af89-7b5b493c3237"><testcase classname="tests.test_admin.TestAdminLogin" name="test_admin_login_success" time="0.174" /><testcase classname="tests.test_admin.TestAdminLogin" name="test_admin_login_wrong_password" time="0.148" /><testcase classname="tests.test_admin.TestAdminLogin" name="test_admin_login_empty_password" time="0.148" /><testcase classname="tests.test_admin.TestAdminStats" name="test_get_stats_authenticated" time="0.274" /><testcase classname="tests.test_admin.TestAdminStats" name="test_get_stats_unauthenticated" time="0.166" /><testcase classname="tests.test_admin.TestAdminStats" name="test_get_stats_invalid_token" time="0.165" /><testcase classname="tests.test_admin.TestAdminContacts" name="test_get_contacts_authenticated" time="0.317" /><testcase classname="tests.test_admin.TestAdminContacts" name="test_get_contacts_unauthenticated" time="0.140" /><testcase classname="tests.test_admin.TestAdminUpdateContactStatus" name="test_update_contact_status" time="0.570" /><testcase classname="tests.test_admin.TestAdminUpdateContactStatus" name="test_update_contact_invalid_status" time="0.397" /><testcase classname="tests.test_admin.TestAdminUpdateContactStatus" name="test_update_contact_not_found" time="0.259" /><testcase classname="tests.test_admin.TestAdminUpdateContactStatus" name="test_update_contact_unauthenticated" time="0.134" /><testcase classname="tests.test_admin.TestAdminLeads" name="test_get_leads_authenticated" time="0.211" /><testcase classname="tests.test_admin.TestAdminLeads" name="test_get_leads_unauthenticated" time="0.101" /><testcase classname="tests.test_admin.TestPublicEndpoints" name="test_health_endpoint" time="0.161" /><testcase classname="tests.test_admin.TestPublicEndpoints" name="test_contact_form_submission" time="0.135" /><testcase classname="tests.test_public_api.TestHealthEndpoint" name="test_health_returns_200" time="0.109" /><testcase classname="tests.test_public_api.TestHealthEndpoint" name="test_root_endpoint" time="0.105" /><testcase classname="tests.test_public_api.TestContactForm" name="test_contact_submission_success" time="0.115" /><testcase classname="tests.test_public_api.TestContactForm" name="test_contact_with_company" time="0.123" /><testcase classname="tests.test_public_api.TestContactForm" name="test_contact_missing_name" time="0.101" /><testcase classname="tests.test_public_api.TestContactForm" name="test_contact_invalid_email" time="0.104" /><testcase classname="tests.test_public_api.TestContactForm" name="test_contact_short_message" time="0.127" /><testcase classname="tests.test_public_api.TestContactForm" name="test_contact_short_name" time="0.114" /><testcase classname="tests.test_public_api.TestWhitepaperDownload" name="test_whitepaper_download_success" time="0.116" /><testcase classname="tests.test_public_api.TestWhitepaperDownload" name="test_whitepaper_download_email_only" time="0.112" /><testcase classname="tests.test_public_api.TestWhitepaperDownload" name="test_whitepaper_download_invalid_email" time="0.114" /><testcase classname="tests.test_public_api.TestWhitepaperDownload" name="test_whitepaper_download_missing_email" time="0.110" /></testsuite></testsuites>