<?xml version="1.0" encoding="utf-8"?><testsuites name="pytest tests"><testsuite name="pytest" errors="0" failures="0" skipped="0" tests="12" time="1.411" timestamp="2026-04-01T13:32:35.837147+00:00" hostname="agent-env-b81e6d54-faf5-4a39-af89-7b5b493c3237"><testcase classname="backend.tests.test_public_api.TestHealthEndpoint" name="test_health_returns_200" time="0.144" /><testcase classname="backend.tests.test_public_api.TestHealthEndpoint" name="test_root_endpoint" time="0.135" /><testcase classname="backend.tests.test_public_api.TestContactForm" name="test_contact_submission_success" time="0.104" /><testcase classname="backend.tests.test_public_api.TestContactForm" name="test_contact_with_company" time="0.107" /><testcase classname="backend.tests.test_public_api.TestContactForm" name="test_contact_missing_name" time="0.108" /><testcase classname="backend.tests.test_public_api.TestContactForm" name="test_contact_invalid_email" time="0.099" /><testcase classname="backend.tests.test_public_api.TestContactForm" name="test_contact_short_message" time="0.101" /><testcase classname="backend.tests.test_public_api.TestContactForm" name="test_contact_short_name" time="0.096" /><testcase classname="backend.tests.test_public_api.TestWhitepaperDownload" name="test_whitepaper_download_success" time="0.100" /><testcase classname="backend.tests.test_public_api.TestWhitepaperDownload" name="test_whitepaper_download_email_only" time="0.099" /><testcase classname="backend.tests.test_public_api.TestWhitepaperDownload" name="test_whitepaper_download_invalid_email" time="0.128" /><testcase classname="backend.tests.test_public_api.TestWhitepaperDownload" name="test_whitepaper_download_missing_email" time="0.130" /></testsuite></testsuites>